
> philipandsophy@0.1.0 build
> npm run build:sw && next build


> philipandsophy@0.1.0 build:sw
> echo '✅ Service Worker is already at public/sw.js (manual maintenance)'

✅ Service Worker is already at public/sw.js (manual maintenance)
Loading next.config.ts with root: /Users/jclee/Library/CloudStorage/iCloud Drive-iCloudDrive (2025. 11. 22. 15:15)/com~apple~CloudDocs/Desktop/휠즈랩스/projectpns
 ⚠ Invalid next.config.ts options detected: 
 ⚠     Unrecognized key(s) in object: 'turbopack' at "experimental"
 ⚠ See more info here: https://nextjs.org/docs/messages/invalid-next-config
 ⚠ Warning: Next.js inferred your workspace root, but it may not be correct.
 We detected multiple lockfiles and selected the directory of /Users/jclee/package-lock.json as the root directory.
 To silence this warning, set `turbopack.root` in your Next.js config, or consider removing one of the lockfiles if it's not needed.
   See https://nextjs.org/docs/app/api-reference/config/next-config-js/turbopack#root-directory for more information.
 Detected additional lockfiles: 
   * /Users/jclee/Library/CloudStorage/iCloud Drive-iCloudDrive (2025. 11. 22. 15:15)/com~apple~CloudDocs/Desktop/휠즈랩스/projectpns/package-lock.json

   ▲ Next.js 16.0.3 (Turbopack)
   - Environments: .env.local
   - Experiments (use with caution):
     ? turbopack (invalid experimental key)

 ⚠ The "middleware" file convention is deprecated. Please use "proxy" instead. Learn more: https://nextjs.org/docs/messages/middleware-to-proxy
   Creating an optimized production build ...
Loading next.config.ts with root: /Users/jclee/Library/CloudStorage/iCloud Drive-iCloudDrive (2025. 11. 22. 15:15)/com~apple~CloudDocs/Desktop/휠즈랩스/projectpns

-----
[1m[31mFATAL[39m[0m: An unexpected Turbopack error occurred. A panic log has been written to /var/folders/gt/y8n9tr950yxfyvklffn_dvqw0000gn/T/next-panic-31b32a09c4d5922adfd781288746aae5.log.

To help make Turbopack better, report this error by ]8;;https://github.com/vercel/next.js/discussions/new?category=turbopack-error-report&title=Turbopack%20Error%3A%20Invariant%3A%20Expected%20to%20inject%20all%20injections%2C%20found%20%2F%2F%20INJECT%3Apages&body=Turbopack%20version%3A%20%60a51b80449%60%0ANext.js%20version%3A%20%600.0.0%60%0A%0AError%20message%3A%0A%60%60%60%0AInvariant%3A%20Expected%20to%20inject%20all%20injections%2C%20found%20%2F%2F%20INJECT%3Apages%0A%0ADebug%20info%3A%0A-%20Execution%20of%20get_all_written_entrypoints_with_issues_operation%20failed%0A-%20Execution%20of%20EntrypointsOperation%3A%3Anew%20failed%0A-%20Execution%20of%20all_entrypoints_write_to_disk_operation%20failed%0A-%20Execution%20of%20Project%3A%3Aemit_all_output_assets%20failed%0A-%20Execution%20of%20%2Aemit_assets%20failed%0A-%20Execution%20of%20all_assets_from_entries_operation%20failed%0A-%20Execution%20of%20%2Aall_assets_from_entries%20failed%0A-%20Execution%20of%20output_assets_operation%20failed%0A-%20Execution%20of%20%3CMiddlewareEndpoint%20as%20Endpoint%3E%3A%3Aoutput%20failed%0A-%20Execution%20of%20MiddlewareEndpoint%3A%3Aoutput_assets%20failed%0A-%20Execution%20of%20MiddlewareEndpoint%3A%3Aedge_chunk_group%20failed%0A-%20Execution%20of%20%2Aevaluated_chunk_group_assets%20failed%0A-%20Execution%20of%20Project%3A%3Aedge_chunking_context%20failed%0A-%20Execution%20of%20%2Aget_edge_chunking_context%20failed%0A-%20Execution%20of%20Project%3A%3Amodule_ids%20failed%0A-%20Execution%20of%20whole_app_module_graph_operation%20failed%0A-%20Execution%20of%20%2AModuleGraph%3A%3Afrom_single_graph%20failed%0A-%20Execution%20of%20%2ASingleModuleGraph%3A%3Anew_with_entries%20failed%0A-%20Execution%20of%20Project%3A%3Aget_all_entries%20failed%0A-%20Execution%20of%20%3CAppEndpoint%20as%20Endpoint%3E%3A%3Aentries%20failed%0A-%20Execution%20of%20get_app_page_entry%20failed%0A-%20Invariant%3A%20Expected%20to%20inject%20all%20injections%2C%20found%20%2F%2F%20INJECT%3Apages%0A%60%60%60&labels=Turbopack,Turbopack%20Panic%20Backtrace\clicking here.]8;;\
-----


> Build error occurred
Error [TurbopackInternalError]: Invariant: Expected to inject all injections, found // INJECT:pages

Debug info:
- Execution of get_all_written_entrypoints_with_issues_operation failed
- Execution of EntrypointsOperation::new failed
- Execution of all_entrypoints_write_to_disk_operation failed
- Execution of Project::emit_all_output_assets failed
- Execution of *emit_assets failed
- Execution of all_assets_from_entries_operation failed
- Execution of *all_assets_from_entries failed
- Execution of output_assets_operation failed
- Execution of <MiddlewareEndpoint as Endpoint>::output failed
- Execution of MiddlewareEndpoint::output_assets failed
- Execution of MiddlewareEndpoint::edge_chunk_group failed
- Execution of *evaluated_chunk_group_assets failed
- Execution of Project::edge_chunking_context failed
- Execution of *get_edge_chunking_context failed
- Execution of Project::module_ids failed
- Execution of whole_app_module_graph_operation failed
- Execution of *ModuleGraph::from_single_graph failed
- Execution of *SingleModuleGraph::new_with_entries failed
- Execution of Project::get_all_entries failed
- Execution of <AppEndpoint as Endpoint>::entries failed
- Execution of get_app_page_entry failed
- Invariant: Expected to inject all injections, found // INJECT:pages
    at <unknown> (TurbopackInternalError: Invariant: Expected to inject all injections, found // INJECT:pages) {
  type: 'TurbopackInternalError',
  location: undefined
}
